<?xml version="1.0" encoding="UTF-8"?>
<!-- Generated by org.testng.reporters.JUnitReportReporter -->
<testsuite hostname="LAPTOP-T1J4O653" failures="0" tests="3" name="ui.SkipTestCases" time="0.012" errors="0" timestamp="2024-03-05T20:26:54 EET" skipped="2">
  <testcase classname="ui.SkipTestCases" name="skipTest2" time="0.004">
    <skipped/>
  </testcase> <!-- skipTest2 -->
  <system-out/>
  <testcase classname="ui.SkipTestCases" name="skipTest3" time="0.008"/>
  <system-out/>
  <testcase classname="ui.SkipTestCases" name="skipTest1">
    <skipped/>
  </testcase> <!-- skipTest1 -->
  <system-out/>
</testsuite> <!-- ui.SkipTestCases -->
