<?xml version="1.0" encoding="UTF-8"?>
<!-- Generated by org.testng.reporters.JUnitReportReporter -->
<testsuite hostname="LAPTOP-T1J4O653" failures="0" tests="1" name="ui.DataProviderDemo" time="15.896" errors="0" timestamp="2024-03-14T19:30:12 EET" skipped="0">
  <testcase classname="ui.DataProviderDemo" name="providerData" time="15.896"/>
  <system-out/>
</testsuite> <!-- ui.DataProviderDemo -->
