<?xml version="1.0" encoding="UTF-8"?>
<!-- Generated by org.testng.reporters.JUnitReportReporter -->
<testsuite hostname="LAPTOP-T1J4O653" failures="0" tests="1" name="ui.MainPage" time="9.831" errors="0" timestamp="2024-03-05T20:26:54 EET" skipped="0">
  <testcase classname="ui.MainPage" name="verifyMainPageTitle" time="9.831"/>
  <system-out/>
</testsuite> <!-- ui.MainPage -->
