<?xml version="1.0" encoding="UTF-8"?>
<!-- Generated by org.testng.reporters.JUnitReportReporter -->
<testsuite hostname="LAPTOP-T1J4O653" failures="0" tests="1" name="ui.MainPage" time="14.225" errors="0" timestamp="2024-04-03T13:16:26 EEST" skipped="0">
  <testcase classname="ui.MainPage" name="verifyMainPageTitle" time="14.225"/>
  <system-out/>
</testsuite> <!-- ui.MainPage -->
